<?xml version="1.0" encoding="UTF-8"?>
<TestRun id="dccbaca4-edb0-441c-a9fe-54479a17184d" name="Stefan@STEFAN-VOX 2018-01-24 13:59:37" runUser="Stefan-Vox\Stefan" xmlns="http://microsoft.com/schemas/VisualStudio/TeamTest/2010">
  <Times creation="2018-01-24T13:59:37.9698087+01:00" queuing="2018-01-24T13:59:37.9698248+01:00" start="2018-01-24T13:59:36.6802951+01:00" finish="2018-01-24T13:59:37.9824037+01:00" />
  <TestSettings name="default" id="781bc2f8-5b71-404b-af7d-d0b9724a2200">
    <Deployment runDeploymentRoot="Stefan_STEFAN-VOX 2018-01-24 13_59_37" />
  </TestSettings>
  <Results>
    <UnitTestResult executionId="5ece4cba-b078-4bc0-8b2e-d23d33d9145b" testId="f2591edd-0b55-4cc0-b655-b4c434365ac2" testName="_test.Class1.Bla" computerName="STEFAN-VOX" duration="00:00:00.0120000" startTime="2018-01-24T13:59:37.8200905+01:00" endTime="2018-01-24T13:59:37.8201004+01:00" testType="13cdc9d9-ddb5-4fa4-a97d-d965ccfc6d4b" outcome="Passed" testListId="8c84fa94-04c1-424b-9868-57a2d4851a1d" relativeResultsDirectory="5ece4cba-b078-4bc0-8b2e-d23d33d9145b" />
  </Results>
  <TestDefinitions>
    <UnitTest name="_test.Class1.Bla" storage="d:\dev\_test\bin\debug\netcoreapp2.0\_test.dll" id="f2591edd-0b55-4cc0-b655-b4c434365ac2">
      <Execution id="5ece4cba-b078-4bc0-8b2e-d23d33d9145b" />
      <TestMethod codeBase="D:\dev\_test\bin\Debug\netcoreapp2.0\_test.dll" executorUriOfAdapter="executor://xunit/VsTestRunner2/netcoreapp" className="_test.Class1" name="_test.Class1.Bla" />
    </UnitTest>
  </TestDefinitions>
  <TestEntries>
    <TestEntry testId="f2591edd-0b55-4cc0-b655-b4c434365ac2" executionId="5ece4cba-b078-4bc0-8b2e-d23d33d9145b" testListId="8c84fa94-04c1-424b-9868-57a2d4851a1d" />
  </TestEntries>
  <TestLists>
    <TestList name="Results Not in a List" id="8c84fa94-04c1-424b-9868-57a2d4851a1d" />
    <TestList name="All Loaded Results" id="19431567-8539-422a-85d7-44ee4e166bda" />
  </TestLists>
  <ResultSummary outcome="Completed">
    <Counters total="1" executed="1" passed="1" failed="0" error="0" timeout="0" aborted="0" inconclusive="0" passedButRunAborted="0" notRunnable="0" notExecuted="0" disconnected="0" warning="0" completed="0" inProgress="0" pending="0" />
    <Output>
      <StdOut>[xUnit.net 00:00:00.3907651]   Discovering: _test[xUnit.net 00:00:00.4538956]   Discovered:  _test[xUnit.net 00:00:00.4588481]   Starting:    _test[xUnit.net 00:00:00.5934948]   Finished:    _test</StdOut>
    </Output>
  </ResultSummary>
</TestRun>